{"total": {"lines":{"total":127,"covered":122,"skipped":0,"pct":96.06},"statements":{"total":155,"covered":147,"skipped":0,"pct":94.83},"functions":{"total":31,"covered":30,"skipped":0,"pct":96.77},"branches":{"total":103,"covered":94,"skipped":0,"pct":91.26},"branchesTrue":{"total":0,"covered":0,"skipped":0,"pct":"Unknown"}}
,"/tmp/cc-agent/68779494/project/src/lib/pagination.ts": {"lines":{"total":6,"covered":6,"skipped":0,"pct":100},"functions":{"total":3,"covered":3,"skipped":0,"pct":100},"statements":{"total":6,"covered":6,"skipped":0,"pct":100},"branches":{"total":8,"covered":8,"skipped":0,"pct":100}}
,"/tmp/cc-agent/68779494/project/src/lib/productMedia.ts": {"lines":{"total":16,"covered":12,"skipped":0,"pct":75},"functions":{"total":4,"covered":3,"skipped":0,"pct":75},"statements":{"total":21,"covered":15,"skipped":0,"pct":71.42},"branches":{"total":10,"covered":5,"skipped":0,"pct":50}}
,"/tmp/cc-agent/68779494/project/src/lib/runtimeConfig.ts": {"lines":{"total":35,"covered":34,"skipped":0,"pct":97.14},"functions":{"total":4,"covered":4,"skipped":0,"pct":100},"statements":{"total":36,"covered":34,"skipped":0,"pct":94.44},"branches":{"total":30,"covered":28,"skipped":0,"pct":93.33}}
,"/tmp/cc-agent/68779494/project/src/lib/search.ts": {"lines":{"total":24,"covered":24,"skipped":0,"pct":100},"functions":{"total":6,"covered":6,"skipped":0,"pct":100},"statements":{"total":35,"covered":35,"skipped":0,"pct":100},"branches":{"total":24,"covered":23,"skipped":0,"pct":95.83}}
,"/tmp/cc-agent/68779494/project/src/lib/searchIndex.ts": {"lines":{"total":28,"covered":28,"skipped":0,"pct":100},"functions":{"total":8,"covered":8,"skipped":0,"pct":100},"statements":{"total":36,"covered":36,"skipped":0,"pct":100},"branches":{"total":22,"covered":21,"skipped":0,"pct":95.45}}
,"/tmp/cc-agent/68779494/project/src/lib/searchInsights.ts": {"lines":{"total":17,"covered":17,"skipped":0,"pct":100},"functions":{"total":5,"covered":5,"skipped":0,"pct":100},"statements":{"total":20,"covered":20,"skipped":0,"pct":100},"branches":{"total":9,"covered":9,"skipped":0,"pct":100}}
,"/tmp/cc-agent/68779494/project/src/lib/slug.ts": {"lines":{"total":1,"covered":1,"skipped":0,"pct":100},"functions":{"total":1,"covered":1,"skipped":0,"pct":100},"statements":{"total":1,"covered":1,"skipped":0,"pct":100},"branches":{"total":0,"covered":0,"skipped":0,"pct":100}}
}
